21:19:23 **** Auto Build of configuration Debug for project vita_passthrough_app ****
make pre-build main-build 
a9-linaro-pre-build-step
' '
'Building file: ../src/fmc_imageon_vita_passthrough.c'
'Invoking: ARM v7 gcc compiler'
arm-none-eabi-gcc -Wall -O0 -g3 -c -fmessage-length=0 -MT"src/fmc_imageon_vita_passthrough.o" -mcpu=cortex-a9 -mfpu=vfpv3 -mfloat-abi=hard -I../../vita_passthrough_bsp/ps7_cortexa9_0/include -MMD -MP -MF"src/fmc_imageon_vita_passthrough.d" -MT"src/fmc_imageon_vita_passthrough.o" -o "src/fmc_imageon_vita_passthrough.o" "../src/fmc_imageon_vita_passthrough.c"
../src/fmc_imageon_vita_passthrough.c:3:1: warning: multi-line comment [-Wcomment]
 //     /     \
 ^
In file included from ../src/fmc_imageon_vita_passthrough.c:56:0:
../src/fmc_imageon_vita_passthrough.h:3:1: warning: multi-line comment [-Wcomment]
 //     /     \
 ^
In file included from ../src/fmc_imageon_vita_passthrough.h:61:0,
                 from ../src/fmc_imageon_vita_passthrough.c:56:
../../vita_passthrough_bsp/ps7_cortexa9_0/include/fmc_iic.h:3:1: warning: multi-line comment [-Wcomment]
 //     /     \
 ^
In file included from ../../vita_passthrough_bsp/ps7_cortexa9_0/include/fmc_iic.h:57:0,
                 from ../src/fmc_imageon_vita_passthrough.h:61,
                 from ../src/fmc_imageon_vita_passthrough.c:56:
../../vita_passthrough_bsp/ps7_cortexa9_0/include/xbasic_types.h:115:2: warning: #warning The xbasics_type.h file is deprecated and users should use xil_types.h and xil_assert. [-Wcpp]
 #warning  The xbasics_type.h file is deprecated and users should use xil_types.h and xil_assert.
  ^~~~~~~
../../vita_passthrough_bsp/ps7_cortexa9_0/include/xbasic_types.h:116:2: warning: #warning Please refer the Standalone BSP UG647 for further details [-Wcpp]
 #warning  Please refer the Standalone BSP UG647 for further details
  ^~~~~~~
In file included from ../src/fmc_imageon_vita_passthrough.h:62:0,
                 from ../src/fmc_imageon_vita_passthrough.c:56:
../../vita_passthrough_bsp/ps7_cortexa9_0/include/fmc_imageon.h:3:1: warning: multi-line comment [-Wcomment]
 //     /     \
 ^
In file included from ../../vita_passthrough_bsp/ps7_cortexa9_0/include/fmc_imageon.h:78:0,
                 from ../src/fmc_imageon_vita_passthrough.h:62,
                 from ../src/fmc_imageon_vita_passthrough.c:56:
../../vita_passthrough_bsp/ps7_cortexa9_0/include/fmc_iic.h:3:1: warning: multi-line comment [-Wcomment]
 //     /     \
 ^
In file included from ../src/fmc_imageon_vita_passthrough.h:63:0,
                 from ../src/fmc_imageon_vita_passthrough.c:56:
../src/video_resolution.h:3:1: warning: multi-line comment [-Wcomment]
 //     /     \
 ^
In file included from ../src/fmc_imageon_vita_passthrough.h:65:0,
                 from ../src/fmc_imageon_vita_passthrough.c:56:
../../vita_passthrough_bsp/ps7_cortexa9_0/include/fmc_imageon_vita_receiver.h:3:1: warning: multi-line comment [-Wcomment]
 //     /     \
 ^
In file included from ../src/fmc_imageon_vita_passthrough.h:70:0,
                 from ../src/fmc_imageon_vita_passthrough.c:56:
../src/video_generator.h:3:1: warning: multi-line comment [-Wcomment]
 //     /     \
 ^
../src/fmc_imageon_vita_passthrough.c: In function 'fmc_imageon_vita_passthrough_init':
../src/fmc_imageon_vita_passthrough.c:77:7: warning: implicit declaration of function 'exit' [-Wimplicit-function-declaration]
       exit(0);
       ^~~~
../src/fmc_imageon_vita_passthrough.c:77:7: warning: incompatible implicit declaration of built-in function 'exit'
../src/fmc_imageon_vita_passthrough.c:77:7: note: include '<stdlib.h>' or provide a declaration of 'exit'
../src/fmc_imageon_vita_passthrough.c:147:7: warning: incompatible implicit declaration of built-in function 'exit'
       exit(0);
       ^~~~
../src/fmc_imageon_vita_passthrough.c:147:7: note: include '<stdlib.h>' or provide a declaration of 'exit'
../src/fmc_imageon_vita_passthrough.c:62:12: warning: unused variable 'timeout' [-Wunused-variable]
    Xuint32 timeout = 100;
            ^~~~~~~
'Finished building: ../src/fmc_imageon_vita_passthrough.c'
' '
'Building file: ../src/helloworld.c'
'Invoking: ARM v7 gcc compiler'
arm-none-eabi-gcc -Wall -O0 -g3 -c -fmessage-length=0 -MT"src/helloworld.o" -mcpu=cortex-a9 -mfpu=vfpv3 -mfloat-abi=hard -I../../vita_passthrough_bsp/ps7_cortexa9_0/include -MMD -MP -MF"src/helloworld.d" -MT"src/helloworld.o" -o "src/helloworld.o" "../src/helloworld.c"
In file included from ../src/helloworld.c:51:0:
../src/fmc_imageon_vita_passthrough.h:3:1: warning: multi-line comment [-Wcomment]
 //     /     \
 ^
In file included from ../src/fmc_imageon_vita_passthrough.h:61:0,
                 from ../src/helloworld.c:51:
../../vita_passthrough_bsp/ps7_cortexa9_0/include/fmc_iic.h:3:1: warning: multi-line comment [-Wcomment]
 //     /     \
 ^
In file included from ../../vita_passthrough_bsp/ps7_cortexa9_0/include/fmc_iic.h:57:0,
                 from ../src/fmc_imageon_vita_passthrough.h:61,
                 from ../src/helloworld.c:51:
../../vita_passthrough_bsp/ps7_cortexa9_0/include/xbasic_types.h:115:2: warning: #warning The xbasics_type.h file is deprecated and users should use xil_types.h and xil_assert. [-Wcpp]
 #warning  The xbasics_type.h file is deprecated and users should use xil_types.h and xil_assert.
  ^~~~~~~
../../vita_passthrough_bsp/ps7_cortexa9_0/include/xbasic_types.h:116:2: warning: #warning Please refer the Standalone BSP UG647 for further details [-Wcpp]
 #warning  Please refer the Standalone BSP UG647 for further details
  ^~~~~~~
In file included from ../src/fmc_imageon_vita_passthrough.h:62:0,
                 from ../src/helloworld.c:51:
../../vita_passthrough_bsp/ps7_cortexa9_0/include/fmc_imageon.h:3:1: warning: multi-line comment [-Wcomment]
 //     /     \
 ^
In file included from ../../vita_passthrough_bsp/ps7_cortexa9_0/include/fmc_imageon.h:78:0,
                 from ../src/fmc_imageon_vita_passthrough.h:62,
                 from ../src/helloworld.c:51:
../../vita_passthrough_bsp/ps7_cortexa9_0/include/fmc_iic.h:3:1: warning: multi-line comment [-Wcomment]
 //     /     \
 ^
In file included from ../src/fmc_imageon_vita_passthrough.h:63:0,
                 from ../src/helloworld.c:51:
../src/video_resolution.h:3:1: warning: multi-line comment [-Wcomment]
 //     /     \
 ^
In file included from ../src/fmc_imageon_vita_passthrough.h:65:0,
                 from ../src/helloworld.c:51:
../../vita_passthrough_bsp/ps7_cortexa9_0/include/fmc_imageon_vita_receiver.h:3:1: warning: multi-line comment [-Wcomment]
 //     /     \
 ^
In file included from ../src/fmc_imageon_vita_passthrough.h:70:0,
                 from ../src/helloworld.c:51:
../src/video_generator.h:3:1: warning: multi-line comment [-Wcomment]
 //     /     \
 ^
'Finished building: ../src/helloworld.c'
' '
'Building target: vita_passthrough_app.elf'
'Invoking: ARM v7 gcc linker'
arm-none-eabi-gcc -mcpu=cortex-a9 -mfpu=vfpv3 -mfloat-abi=hard -Wl,-build-id=none -specs=Xilinx.spec -Wl,-T -Wl,../src/lscript.ld -L../../vita_passthrough_bsp/ps7_cortexa9_0/lib -o "vita_passthrough_app.elf"  ./src/fmc_imageon_vita_passthrough.o ./src/helloworld.o ./src/platform.o ./src/sleep.o ./src/video_generator.o ./src/video_resolution.o   -Wl,--start-group,-lxil,-lgcc,-lc,--end-group
c:/xilinx/sdk/2017.4/gnu/aarch32/nt/gcc-arm-none-eabi/bin/../lib/gcc/arm-none-eabi/6.2.1/../../../../arm-none-eabi/bin/ld.exe: cannot open output file vita_passthrough_app.elf: Invalid argument
collect2.exe: error: ld returned 1 exit status
make: *** [vita_passthrough_app.elf] Fel 1

21:19:27 Build Finished (took 3s.982ms)

