Copyright 1986-2017 Xilinx, Inc. All Rights Reserved.
------------------------------------------------------------------------------------------------------------------------------------------
| Tool Version : Vivado v.2017.4 (win64) Build 2086221 Fri Dec 15 20:55:39 MST 2017
| Date         : Fri Feb 16 15:09:30 2018
| Host         : lkp-s002 running 64-bit major release  (build 9200)
| Command      : report_drc -file design_1_wrapper_drc_routed.rpt -pb design_1_wrapper_drc_routed.pb -rpx design_1_wrapper_drc_routed.rpx
| Design       : design_1_wrapper
| Device       : xc7z020clg484-1
| Speed File   : -1
| Design State : Routed
------------------------------------------------------------------------------------------------------------------------------------------

Report DRC

Table of Contents
-----------------
1. REPORT SUMMARY
2. REPORT DETAILS

1. REPORT SUMMARY
-----------------
            Netlist: netlist
          Floorplan: design_1
      Design limits: <entire design considered>
           Ruledeck: default
             Max violations: <unlimited>
             Violations found: 40
+-----------+----------+-------------------------------------------------------------------+------------+
| Rule      | Severity | Description                                                       | Violations |
+-----------+----------+-------------------------------------------------------------------+------------+
| CHECK-3   | Warning  | Report rule limit reached                                         | 1          |
| DPIP-1    | Warning  | Input pipelining                                                  | 10         |
| REQP-1839 | Warning  | RAMB36 async control check                                        | 20         |
| RTSTAT-10 | Warning  | No routable loads                                                 | 1          |
| AVAL-4    | Advisory | enum_USE_DPORT_FALSE_enum_DREG_ADREG_0_connects_CED_CEAD_RSTD_GND | 4          |
| REQP-20   | Advisory | enum_AREG_0_connects_CEA1_GND_connects_CEA2_GND                   | 4          |
+-----------+----------+-------------------------------------------------------------------+------------+

2. REPORT DETAILS
-----------------
CHECK-3#1 Warning
Report rule limit reached  
REQP-1839 rule limit reached: 20 violations have been found.
Related violations: <none>

DPIP-1#1 Warning
Input pipelining  
DSP design_1_i/fmc_imageon_hdmio_rgb/v_rgb2ycrcb_0/U0/rgb2ycrcb_top_inst/intcore/mult_aRG/reg/needs_delay.shift_register_reg[2] input design_1_i/fmc_imageon_hdmio_rgb/v_rgb2ycrcb_0/U0/rgb2ycrcb_top_inst/intcore/mult_aRG/reg/needs_delay.shift_register_reg[2]/B[17:0] is not pipelined. Pipelining DSP48 input will improve performance.
Related violations: <none>

DPIP-1#2 Warning
Input pipelining  
DSP design_1_i/fmc_imageon_hdmio_rgb/v_rgb2ycrcb_0/U0/rgb2ycrcb_top_inst/intcore/v4_mac1.mult_aCr/mac_reg input design_1_i/fmc_imageon_hdmio_rgb/v_rgb2ycrcb_0/U0/rgb2ycrcb_top_inst/intcore/v4_mac1.mult_aCr/mac_reg/A[29:0] is not pipelined. Pipelining DSP48 input will improve performance.
Related violations: <none>

DPIP-1#3 Warning
Input pipelining  
DSP design_1_i/fmc_imageon_hdmio_rgb/v_rgb2ycrcb_0/U0/rgb2ycrcb_top_inst/intcore/v4_mac1.mult_aCr/mac_reg input design_1_i/fmc_imageon_hdmio_rgb/v_rgb2ycrcb_0/U0/rgb2ycrcb_top_inst/intcore/v4_mac1.mult_aCr/mac_reg/B[17:0] is not pipelined. Pipelining DSP48 input will improve performance.
Related violations: <none>

DPIP-1#4 Warning
Input pipelining  
DSP design_1_i/fmc_imageon_vita_color/fmc_imageon_vita_receiver_0/U0/vita_receiver_v2_0_S00_AXI_inst/VITA_CORE_I/vita_blc/gen_correction.gen_correct_blocks[0].gen_correct_blocks_v5.the_correct_block input design_1_i/fmc_imageon_vita_color/fmc_imageon_vita_receiver_0/U0/vita_receiver_v2_0_S00_AXI_inst/VITA_CORE_I/vita_blc/gen_correction.gen_correct_blocks[0].gen_correct_blocks_v5.the_correct_block/A[29:0] is not pipelined. Pipelining DSP48 input will improve performance.
Related violations: <none>

DPIP-1#5 Warning
Input pipelining  
DSP design_1_i/fmc_imageon_vita_color/fmc_imageon_vita_receiver_0/U0/vita_receiver_v2_0_S00_AXI_inst/VITA_CORE_I/vita_blc/gen_correction.gen_correct_blocks[1].gen_correct_blocks_v5.the_correct_block input design_1_i/fmc_imageon_vita_color/fmc_imageon_vita_receiver_0/U0/vita_receiver_v2_0_S00_AXI_inst/VITA_CORE_I/vita_blc/gen_correction.gen_correct_blocks[1].gen_correct_blocks_v5.the_correct_block/A[29:0] is not pipelined. Pipelining DSP48 input will improve performance.
Related violations: <none>

DPIP-1#6 Warning
Input pipelining  
DSP design_1_i/fmc_imageon_vita_color/fmc_imageon_vita_receiver_0/U0/vita_receiver_v2_0_S00_AXI_inst/VITA_CORE_I/vita_blc/gen_correction.gen_correct_blocks[2].gen_correct_blocks_v5.the_correct_block input design_1_i/fmc_imageon_vita_color/fmc_imageon_vita_receiver_0/U0/vita_receiver_v2_0_S00_AXI_inst/VITA_CORE_I/vita_blc/gen_correction.gen_correct_blocks[2].gen_correct_blocks_v5.the_correct_block/A[29:0] is not pipelined. Pipelining DSP48 input will improve performance.
Related violations: <none>

DPIP-1#7 Warning
Input pipelining  
DSP design_1_i/fmc_imageon_vita_color/fmc_imageon_vita_receiver_0/U0/vita_receiver_v2_0_S00_AXI_inst/VITA_CORE_I/vita_blc/gen_correction.gen_correct_blocks[3].gen_correct_blocks_v5.the_correct_block input design_1_i/fmc_imageon_vita_color/fmc_imageon_vita_receiver_0/U0/vita_receiver_v2_0_S00_AXI_inst/VITA_CORE_I/vita_blc/gen_correction.gen_correct_blocks[3].gen_correct_blocks_v5.the_correct_block/A[29:0] is not pipelined. Pipelining DSP48 input will improve performance.
Related violations: <none>

DPIP-1#8 Warning
Input pipelining  
DSP design_1_i/fmc_imageon_vita_color/v_cfa_0/U0/obsibbid2thd5yqnjed/obsiedkmeoira/obsfkqch2medpyefapra0sjqbuee/obsadbcp3k/obsfitqfisj5qiorhdba0agqqt4egrqrh4kqch2medp0k/obsagaajm/obsngaal2rcbc input design_1_i/fmc_imageon_vita_color/v_cfa_0/U0/obsibbid2thd5yqnjed/obsiedkmeoira/obsfkqch2medpyefapra0sjqbuee/obsadbcp3k/obsfitqfisj5qiorhdba0agqqt4egrqrh4kqch2medp0k/obsagaajm/obsngaal2rcbc/C[47:0] is not pipelined. Pipelining DSP48 input will improve performance.
Related violations: <none>

DPIP-1#9 Warning
Input pipelining  
DSP design_1_i/fmc_imageon_vita_color/v_cfa_0/U0/obsibbid2thd5yqnjed/obsiedkmeoira/obsfkqch2medpyefapra0sjqbuee/obsadbcp3k/obsfitqfisj5qiorhdba0agqqt4egrqrh4kqch2medp0k/obsfgaajn/obsngaal2rcbc input design_1_i/fmc_imageon_vita_color/v_cfa_0/U0/obsibbid2thd5yqnjed/obsiedkmeoira/obsfkqch2medpyefapra0sjqbuee/obsadbcp3k/obsfitqfisj5qiorhdba0agqqt4egrqrh4kqch2medp0k/obsfgaajn/obsngaal2rcbc/C[47:0] is not pipelined. Pipelining DSP48 input will improve performance.
Related violations: <none>

DPIP-1#10 Warning
Input pipelining  
DSP design_1_i/fmc_imageon_vita_color/v_cfa_0/U0/obsibbid2thd5yqnjed/obsiedkmeoira/obsfkqch2medpyefapra0sjqbuee/obsadbcp3k/obsfitqfisj5qiorhdba0agqqt4egrqrh4kqch2medp0k/obsngaajo/obsngaal2rcbc input design_1_i/fmc_imageon_vita_color/v_cfa_0/U0/obsibbid2thd5yqnjed/obsiedkmeoira/obsfkqch2medpyefapra0sjqbuee/obsadbcp3k/obsfitqfisj5qiorhdba0agqqt4egrqrh4kqch2medp0k/obsngaajo/obsngaal2rcbc/C[47:0] is not pipelined. Pipelining DSP48 input will improve performance.
Related violations: <none>

REQP-1839#1 Warning
RAMB36 async control check  
The RAMB36E1 design_1_i/fmc_imageon_vita_color/fmc_imageon_vita_receiver_0/U0/vita_receiver_v2_0_S00_AXI_inst/VITA_CORE_I/DEMUX_GEN.demux_fifo_l/afifo_64i_16o_l/inst_fifo_gen/gconvfifo.rf/grf.rf/gntv_or_sync_fifo.mem/gbm.gbmg.gbmga.ngecc.bmg/inst_blk_mem_gen/gnbram.gnativebmg.native_blk_mem_gen/valid.cstr/ramloop[1].ram.r/prim_noinit.ram/DEVICE_7SERIES.NO_BMM_INFO.SDP.SIMPLE_PRIM36.ram has an input control pin design_1_i/fmc_imageon_vita_color/fmc_imageon_vita_receiver_0/U0/vita_receiver_v2_0_S00_AXI_inst/VITA_CORE_I/DEMUX_GEN.demux_fifo_l/afifo_64i_16o_l/inst_fifo_gen/gconvfifo.rf/grf.rf/gntv_or_sync_fifo.mem/gbm.gbmg.gbmga.ngecc.bmg/inst_blk_mem_gen/gnbram.gnativebmg.native_blk_mem_gen/valid.cstr/ramloop[1].ram.r/prim_noinit.ram/DEVICE_7SERIES.NO_BMM_INFO.SDP.SIMPLE_PRIM36.ram/ADDRARDADDR[10] (net: design_1_i/fmc_imageon_vita_color/fmc_imageon_vita_receiver_0/U0/vita_receiver_v2_0_S00_AXI_inst/VITA_CORE_I/DEMUX_GEN.demux_fifo_l/afifo_64i_16o_l/inst_fifo_gen/gconvfifo.rf/grf.rf/gntv_or_sync_fifo.mem/gbm.gbmg.gbmga.ngecc.bmg/inst_blk_mem_gen/gnbram.gnativebmg.native_blk_mem_gen/valid.cstr/ramloop[1].ram.r/prim_noinit.ram/Q[7]) which is driven by a register (design_1_i/fmc_imageon_vita_color/fmc_imageon_vita_receiver_0/U0/vita_receiver_v2_0_S00_AXI_inst/VITA_CORE_I/DEMUX_GEN.demux_fifo_l/afifo_64i_16o_l/inst_fifo_gen/gconvfifo.rf/grf.rf/gntv_or_sync_fifo.gl0.wr/wpntr/gic0.gc0.count_d2_reg[7]) that has an active asychronous set or reset. This may cause corruption of the memory contents and/or read values when the set/reset is asserted and is not analyzed by the default static timing analysis. It is suggested to eliminate the use of a set/reset to registers driving this RAMB pin or else use a synchronous reset in which the assertion of the reset is timed by default.
Related violations: <none>

REQP-1839#2 Warning
RAMB36 async control check  
The RAMB36E1 design_1_i/fmc_imageon_vita_color/fmc_imageon_vita_receiver_0/U0/vita_receiver_v2_0_S00_AXI_inst/VITA_CORE_I/DEMUX_GEN.demux_fifo_l/afifo_64i_16o_l/inst_fifo_gen/gconvfifo.rf/grf.rf/gntv_or_sync_fifo.mem/gbm.gbmg.gbmga.ngecc.bmg/inst_blk_mem_gen/gnbram.gnativebmg.native_blk_mem_gen/valid.cstr/ramloop[1].ram.r/prim_noinit.ram/DEVICE_7SERIES.NO_BMM_INFO.SDP.SIMPLE_PRIM36.ram has an input control pin design_1_i/fmc_imageon_vita_color/fmc_imageon_vita_receiver_0/U0/vita_receiver_v2_0_S00_AXI_inst/VITA_CORE_I/DEMUX_GEN.demux_fifo_l/afifo_64i_16o_l/inst_fifo_gen/gconvfifo.rf/grf.rf/gntv_or_sync_fifo.mem/gbm.gbmg.gbmga.ngecc.bmg/inst_blk_mem_gen/gnbram.gnativebmg.native_blk_mem_gen/valid.cstr/ramloop[1].ram.r/prim_noinit.ram/DEVICE_7SERIES.NO_BMM_INFO.SDP.SIMPLE_PRIM36.ram/ADDRARDADDR[11] (net: design_1_i/fmc_imageon_vita_color/fmc_imageon_vita_receiver_0/U0/vita_receiver_v2_0_S00_AXI_inst/VITA_CORE_I/DEMUX_GEN.demux_fifo_l/afifo_64i_16o_l/inst_fifo_gen/gconvfifo.rf/grf.rf/gntv_or_sync_fifo.mem/gbm.gbmg.gbmga.ngecc.bmg/inst_blk_mem_gen/gnbram.gnativebmg.native_blk_mem_gen/valid.cstr/ramloop[1].ram.r/prim_noinit.ram/Q[8]) which is driven by a register (design_1_i/fmc_imageon_vita_color/fmc_imageon_vita_receiver_0/U0/vita_receiver_v2_0_S00_AXI_inst/VITA_CORE_I/DEMUX_GEN.demux_fifo_l/afifo_64i_16o_l/inst_fifo_gen/gconvfifo.rf/grf.rf/gntv_or_sync_fifo.gl0.wr/wpntr/gic0.gc0.count_d2_reg[8]) that has an active asychronous set or reset. This may cause corruption of the memory contents and/or read values when the set/reset is asserted and is not analyzed by the default static timing analysis. It is suggested to eliminate the use of a set/reset to registers driving this RAMB pin or else use a synchronous reset in which the assertion of the reset is timed by default.
Related violations: <none>

REQP-1839#3 Warning
RAMB36 async control check  
The RAMB36E1 design_1_i/fmc_imageon_vita_color/fmc_imageon_vita_receiver_0/U0/vita_receiver_v2_0_S00_AXI_inst/VITA_CORE_I/DEMUX_GEN.demux_fifo_l/afifo_64i_16o_l/inst_fifo_gen/gconvfifo.rf/grf.rf/gntv_or_sync_fifo.mem/gbm.gbmg.gbmga.ngecc.bmg/inst_blk_mem_gen/gnbram.gnativebmg.native_blk_mem_gen/valid.cstr/ramloop[1].ram.r/prim_noinit.ram/DEVICE_7SERIES.NO_BMM_INFO.SDP.SIMPLE_PRIM36.ram has an input control pin design_1_i/fmc_imageon_vita_color/fmc_imageon_vita_receiver_0/U0/vita_receiver_v2_0_S00_AXI_inst/VITA_CORE_I/DEMUX_GEN.demux_fifo_l/afifo_64i_16o_l/inst_fifo_gen/gconvfifo.rf/grf.rf/gntv_or_sync_fifo.mem/gbm.gbmg.gbmga.ngecc.bmg/inst_blk_mem_gen/gnbram.gnativebmg.native_blk_mem_gen/valid.cstr/ramloop[1].ram.r/prim_noinit.ram/DEVICE_7SERIES.NO_BMM_INFO.SDP.SIMPLE_PRIM36.ram/ADDRARDADDR[12] (net: design_1_i/fmc_imageon_vita_color/fmc_imageon_vita_receiver_0/U0/vita_receiver_v2_0_S00_AXI_inst/VITA_CORE_I/DEMUX_GEN.demux_fifo_l/afifo_64i_16o_l/inst_fifo_gen/gconvfifo.rf/grf.rf/gntv_or_sync_fifo.mem/gbm.gbmg.gbmga.ngecc.bmg/inst_blk_mem_gen/gnbram.gnativebmg.native_blk_mem_gen/valid.cstr/ramloop[1].ram.r/prim_noinit.ram/Q[9]) which is driven by a register (design_1_i/fmc_imageon_vita_color/fmc_imageon_vita_receiver_0/U0/vita_receiver_v2_0_S00_AXI_inst/VITA_CORE_I/DEMUX_GEN.demux_fifo_l/afifo_64i_16o_l/inst_fifo_gen/gconvfifo.rf/grf.rf/gntv_or_sync_fifo.gl0.wr/wpntr/gic0.gc0.count_d2_reg[9]) that has an active asychronous set or reset. This may cause corruption of the memory contents and/or read values when the set/reset is asserted and is not analyzed by the default static timing analysis. It is suggested to eliminate the use of a set/reset to registers driving this RAMB pin or else use a synchronous reset in which the assertion of the reset is timed by default.
Related violations: <none>

REQP-1839#4 Warning
RAMB36 async control check  
The RAMB36E1 design_1_i/fmc_imageon_vita_color/fmc_imageon_vita_receiver_0/U0/vita_receiver_v2_0_S00_AXI_inst/VITA_CORE_I/DEMUX_GEN.demux_fifo_l/afifo_64i_16o_l/inst_fifo_gen/gconvfifo.rf/grf.rf/gntv_or_sync_fifo.mem/gbm.gbmg.gbmga.ngecc.bmg/inst_blk_mem_gen/gnbram.gnativebmg.native_blk_mem_gen/valid.cstr/ramloop[1].ram.r/prim_noinit.ram/DEVICE_7SERIES.NO_BMM_INFO.SDP.SIMPLE_PRIM36.ram has an input control pin design_1_i/fmc_imageon_vita_color/fmc_imageon_vita_receiver_0/U0/vita_receiver_v2_0_S00_AXI_inst/VITA_CORE_I/DEMUX_GEN.demux_fifo_l/afifo_64i_16o_l/inst_fifo_gen/gconvfifo.rf/grf.rf/gntv_or_sync_fifo.mem/gbm.gbmg.gbmga.ngecc.bmg/inst_blk_mem_gen/gnbram.gnativebmg.native_blk_mem_gen/valid.cstr/ramloop[1].ram.r/prim_noinit.ram/DEVICE_7SERIES.NO_BMM_INFO.SDP.SIMPLE_PRIM36.ram/ADDRARDADDR[13] (net: design_1_i/fmc_imageon_vita_color/fmc_imageon_vita_receiver_0/U0/vita_receiver_v2_0_S00_AXI_inst/VITA_CORE_I/DEMUX_GEN.demux_fifo_l/afifo_64i_16o_l/inst_fifo_gen/gconvfifo.rf/grf.rf/gntv_or_sync_fifo.mem/gbm.gbmg.gbmga.ngecc.bmg/inst_blk_mem_gen/gnbram.gnativebmg.native_blk_mem_gen/valid.cstr/ramloop[1].ram.r/prim_noinit.ram/Q[10]) which is driven by a register (design_1_i/fmc_imageon_vita_color/fmc_imageon_vita_receiver_0/U0/vita_receiver_v2_0_S00_AXI_inst/VITA_CORE_I/DEMUX_GEN.demux_fifo_l/afifo_64i_16o_l/inst_fifo_gen/gconvfifo.rf/grf.rf/gntv_or_sync_fifo.gl0.wr/wpntr/gic0.gc0.count_d2_reg[10]) that has an active asychronous set or reset. This may cause corruption of the memory contents and/or read values when the set/reset is asserted and is not analyzed by the default static timing analysis. It is suggested to eliminate the use of a set/reset to registers driving this RAMB pin or else use a synchronous reset in which the assertion of the reset is timed by default.
Related violations: <none>

REQP-1839#5 Warning
RAMB36 async control check  
The RAMB36E1 design_1_i/fmc_imageon_vita_color/fmc_imageon_vita_receiver_0/U0/vita_receiver_v2_0_S00_AXI_inst/VITA_CORE_I/DEMUX_GEN.demux_fifo_l/afifo_64i_16o_l/inst_fifo_gen/gconvfifo.rf/grf.rf/gntv_or_sync_fifo.mem/gbm.gbmg.gbmga.ngecc.bmg/inst_blk_mem_gen/gnbram.gnativebmg.native_blk_mem_gen/valid.cstr/ramloop[1].ram.r/prim_noinit.ram/DEVICE_7SERIES.NO_BMM_INFO.SDP.SIMPLE_PRIM36.ram has an input control pin design_1_i/fmc_imageon_vita_color/fmc_imageon_vita_receiver_0/U0/vita_receiver_v2_0_S00_AXI_inst/VITA_CORE_I/DEMUX_GEN.demux_fifo_l/afifo_64i_16o_l/inst_fifo_gen/gconvfifo.rf/grf.rf/gntv_or_sync_fifo.mem/gbm.gbmg.gbmga.ngecc.bmg/inst_blk_mem_gen/gnbram.gnativebmg.native_blk_mem_gen/valid.cstr/ramloop[1].ram.r/prim_noinit.ram/DEVICE_7SERIES.NO_BMM_INFO.SDP.SIMPLE_PRIM36.ram/ADDRARDADDR[14] (net: design_1_i/fmc_imageon_vita_color/fmc_imageon_vita_receiver_0/U0/vita_receiver_v2_0_S00_AXI_inst/VITA_CORE_I/DEMUX_GEN.demux_fifo_l/afifo_64i_16o_l/inst_fifo_gen/gconvfifo.rf/grf.rf/gntv_or_sync_fifo.mem/gbm.gbmg.gbmga.ngecc.bmg/inst_blk_mem_gen/gnbram.gnativebmg.native_blk_mem_gen/valid.cstr/ramloop[1].ram.r/prim_noinit.ram/Q[11]) which is driven by a register (design_1_i/fmc_imageon_vita_color/fmc_imageon_vita_receiver_0/U0/vita_receiver_v2_0_S00_AXI_inst/VITA_CORE_I/DEMUX_GEN.demux_fifo_l/afifo_64i_16o_l/inst_fifo_gen/gconvfifo.rf/grf.rf/gntv_or_sync_fifo.gl0.wr/wpntr/gic0.gc0.count_d2_reg[11]) that has an active asychronous set or reset. This may cause corruption of the memory contents and/or read values when the set/reset is asserted and is not analyzed by the default static timing analysis. It is suggested to eliminate the use of a set/reset to registers driving this RAMB pin or else use a synchronous reset in which the assertion of the reset is timed by default.
Related violations: <none>

REQP-1839#6 Warning
RAMB36 async control check  
The RAMB36E1 design_1_i/fmc_imageon_vita_color/fmc_imageon_vita_receiver_0/U0/vita_receiver_v2_0_S00_AXI_inst/VITA_CORE_I/DEMUX_GEN.demux_fifo_l/afifo_64i_16o_l/inst_fifo_gen/gconvfifo.rf/grf.rf/gntv_or_sync_fifo.mem/gbm.gbmg.gbmga.ngecc.bmg/inst_blk_mem_gen/gnbram.gnativebmg.native_blk_mem_gen/valid.cstr/ramloop[1].ram.r/prim_noinit.ram/DEVICE_7SERIES.NO_BMM_INFO.SDP.SIMPLE_PRIM36.ram has an input control pin design_1_i/fmc_imageon_vita_color/fmc_imageon_vita_receiver_0/U0/vita_receiver_v2_0_S00_AXI_inst/VITA_CORE_I/DEMUX_GEN.demux_fifo_l/afifo_64i_16o_l/inst_fifo_gen/gconvfifo.rf/grf.rf/gntv_or_sync_fifo.mem/gbm.gbmg.gbmga.ngecc.bmg/inst_blk_mem_gen/gnbram.gnativebmg.native_blk_mem_gen/valid.cstr/ramloop[1].ram.r/prim_noinit.ram/DEVICE_7SERIES.NO_BMM_INFO.SDP.SIMPLE_PRIM36.ram/ADDRARDADDR[3] (net: design_1_i/fmc_imageon_vita_color/fmc_imageon_vita_receiver_0/U0/vita_receiver_v2_0_S00_AXI_inst/VITA_CORE_I/DEMUX_GEN.demux_fifo_l/afifo_64i_16o_l/inst_fifo_gen/gconvfifo.rf/grf.rf/gntv_or_sync_fifo.mem/gbm.gbmg.gbmga.ngecc.bmg/inst_blk_mem_gen/gnbram.gnativebmg.native_blk_mem_gen/valid.cstr/ramloop[1].ram.r/prim_noinit.ram/Q[0]) which is driven by a register (design_1_i/fmc_imageon_vita_color/fmc_imageon_vita_receiver_0/U0/vita_receiver_v2_0_S00_AXI_inst/VITA_CORE_I/DEMUX_GEN.demux_fifo_l/afifo_64i_16o_l/inst_fifo_gen/gconvfifo.rf/grf.rf/gntv_or_sync_fifo.gl0.wr/wpntr/gic0.gc0.count_d2_reg[0]) that has an active asychronous set or reset. This may cause corruption of the memory contents and/or read values when the set/reset is asserted and is not analyzed by the default static timing analysis. It is suggested to eliminate the use of a set/reset to registers driving this RAMB pin or else use a synchronous reset in which the assertion of the reset is timed by default.
Related violations: <none>

REQP-1839#7 Warning
RAMB36 async control check  
The RAMB36E1 design_1_i/fmc_imageon_vita_color/fmc_imageon_vita_receiver_0/U0/vita_receiver_v2_0_S00_AXI_inst/VITA_CORE_I/DEMUX_GEN.demux_fifo_l/afifo_64i_16o_l/inst_fifo_gen/gconvfifo.rf/grf.rf/gntv_or_sync_fifo.mem/gbm.gbmg.gbmga.ngecc.bmg/inst_blk_mem_gen/gnbram.gnativebmg.native_blk_mem_gen/valid.cstr/ramloop[1].ram.r/prim_noinit.ram/DEVICE_7SERIES.NO_BMM_INFO.SDP.SIMPLE_PRIM36.ram has an input control pin design_1_i/fmc_imageon_vita_color/fmc_imageon_vita_receiver_0/U0/vita_receiver_v2_0_S00_AXI_inst/VITA_CORE_I/DEMUX_GEN.demux_fifo_l/afifo_64i_16o_l/inst_fifo_gen/gconvfifo.rf/grf.rf/gntv_or_sync_fifo.mem/gbm.gbmg.gbmga.ngecc.bmg/inst_blk_mem_gen/gnbram.gnativebmg.native_blk_mem_gen/valid.cstr/ramloop[1].ram.r/prim_noinit.ram/DEVICE_7SERIES.NO_BMM_INFO.SDP.SIMPLE_PRIM36.ram/ADDRARDADDR[4] (net: design_1_i/fmc_imageon_vita_color/fmc_imageon_vita_receiver_0/U0/vita_receiver_v2_0_S00_AXI_inst/VITA_CORE_I/DEMUX_GEN.demux_fifo_l/afifo_64i_16o_l/inst_fifo_gen/gconvfifo.rf/grf.rf/gntv_or_sync_fifo.mem/gbm.gbmg.gbmga.ngecc.bmg/inst_blk_mem_gen/gnbram.gnativebmg.native_blk_mem_gen/valid.cstr/ramloop[1].ram.r/prim_noinit.ram/Q[1]) which is driven by a register (design_1_i/fmc_imageon_vita_color/fmc_imageon_vita_receiver_0/U0/vita_receiver_v2_0_S00_AXI_inst/VITA_CORE_I/DEMUX_GEN.demux_fifo_l/afifo_64i_16o_l/inst_fifo_gen/gconvfifo.rf/grf.rf/gntv_or_sync_fifo.gl0.wr/wpntr/gic0.gc0.count_d2_reg[1]) that has an active asychronous set or reset. This may cause corruption of the memory contents and/or read values when the set/reset is asserted and is not analyzed by the default static timing analysis. It is suggested to eliminate the use of a set/reset to registers driving this RAMB pin or else use a synchronous reset in which the assertion of the reset is timed by default.
Related violations: <none>

REQP-1839#8 Warning
RAMB36 async control check  
The RAMB36E1 design_1_i/fmc_imageon_vita_color/fmc_imageon_vita_receiver_0/U0/vita_receiver_v2_0_S00_AXI_inst/VITA_CORE_I/DEMUX_GEN.demux_fifo_l/afifo_64i_16o_l/inst_fifo_gen/gconvfifo.rf/grf.rf/gntv_or_sync_fifo.mem/gbm.gbmg.gbmga.ngecc.bmg/inst_blk_mem_gen/gnbram.gnativebmg.native_blk_mem_gen/valid.cstr/ramloop[1].ram.r/prim_noinit.ram/DEVICE_7SERIES.NO_BMM_INFO.SDP.SIMPLE_PRIM36.ram has an input control pin design_1_i/fmc_imageon_vita_color/fmc_imageon_vita_receiver_0/U0/vita_receiver_v2_0_S00_AXI_inst/VITA_CORE_I/DEMUX_GEN.demux_fifo_l/afifo_64i_16o_l/inst_fifo_gen/gconvfifo.rf/grf.rf/gntv_or_sync_fifo.mem/gbm.gbmg.gbmga.ngecc.bmg/inst_blk_mem_gen/gnbram.gnativebmg.native_blk_mem_gen/valid.cstr/ramloop[1].ram.r/prim_noinit.ram/DEVICE_7SERIES.NO_BMM_INFO.SDP.SIMPLE_PRIM36.ram/ADDRARDADDR[5] (net: design_1_i/fmc_imageon_vita_color/fmc_imageon_vita_receiver_0/U0/vita_receiver_v2_0_S00_AXI_inst/VITA_CORE_I/DEMUX_GEN.demux_fifo_l/afifo_64i_16o_l/inst_fifo_gen/gconvfifo.rf/grf.rf/gntv_or_sync_fifo.mem/gbm.gbmg.gbmga.ngecc.bmg/inst_blk_mem_gen/gnbram.gnativebmg.native_blk_mem_gen/valid.cstr/ramloop[1].ram.r/prim_noinit.ram/Q[2]) which is driven by a register (design_1_i/fmc_imageon_vita_color/fmc_imageon_vita_receiver_0/U0/vita_receiver_v2_0_S00_AXI_inst/VITA_CORE_I/DEMUX_GEN.demux_fifo_l/afifo_64i_16o_l/inst_fifo_gen/gconvfifo.rf/grf.rf/gntv_or_sync_fifo.gl0.wr/wpntr/gic0.gc0.count_d2_reg[2]) that has an active asychronous set or reset. This may cause corruption of the memory contents and/or read values when the set/reset is asserted and is not analyzed by the default static timing analysis. It is suggested to eliminate the use of a set/reset to registers driving this RAMB pin or else use a synchronous reset in which the assertion of the reset is timed by default.
Related violations: <none>

REQP-1839#9 Warning
RAMB36 async control check  
The RAMB36E1 design_1_i/fmc_imageon_vita_color/fmc_imageon_vita_receiver_0/U0/vita_receiver_v2_0_S00_AXI_inst/VITA_CORE_I/DEMUX_GEN.demux_fifo_l/afifo_64i_16o_l/inst_fifo_gen/gconvfifo.rf/grf.rf/gntv_or_sync_fifo.mem/gbm.gbmg.gbmga.ngecc.bmg/inst_blk_mem_gen/gnbram.gnativebmg.native_blk_mem_gen/valid.cstr/ramloop[1].ram.r/prim_noinit.ram/DEVICE_7SERIES.NO_BMM_INFO.SDP.SIMPLE_PRIM36.ram has an input control pin design_1_i/fmc_imageon_vita_color/fmc_imageon_vita_receiver_0/U0/vita_receiver_v2_0_S00_AXI_inst/VITA_CORE_I/DEMUX_GEN.demux_fifo_l/afifo_64i_16o_l/inst_fifo_gen/gconvfifo.rf/grf.rf/gntv_or_sync_fifo.mem/gbm.gbmg.gbmga.ngecc.bmg/inst_blk_mem_gen/gnbram.gnativebmg.native_blk_mem_gen/valid.cstr/ramloop[1].ram.r/prim_noinit.ram/DEVICE_7SERIES.NO_BMM_INFO.SDP.SIMPLE_PRIM36.ram/ADDRARDADDR[6] (net: design_1_i/fmc_imageon_vita_color/fmc_imageon_vita_receiver_0/U0/vita_receiver_v2_0_S00_AXI_inst/VITA_CORE_I/DEMUX_GEN.demux_fifo_l/afifo_64i_16o_l/inst_fifo_gen/gconvfifo.rf/grf.rf/gntv_or_sync_fifo.mem/gbm.gbmg.gbmga.ngecc.bmg/inst_blk_mem_gen/gnbram.gnativebmg.native_blk_mem_gen/valid.cstr/ramloop[1].ram.r/prim_noinit.ram/Q[3]) which is driven by a register (design_1_i/fmc_imageon_vita_color/fmc_imageon_vita_receiver_0/U0/vita_receiver_v2_0_S00_AXI_inst/VITA_CORE_I/DEMUX_GEN.demux_fifo_l/afifo_64i_16o_l/inst_fifo_gen/gconvfifo.rf/grf.rf/gntv_or_sync_fifo.gl0.wr/wpntr/gic0.gc0.count_d2_reg[3]) that has an active asychronous set or reset. This may cause corruption of the memory contents and/or read values when the set/reset is asserted and is not analyzed by the default static timing analysis. It is suggested to eliminate the use of a set/reset to registers driving this RAMB pin or else use a synchronous reset in which the assertion of the reset is timed by default.
Related violations: <none>

REQP-1839#10 Warning
RAMB36 async control check  
The RAMB36E1 design_1_i/fmc_imageon_vita_color/fmc_imageon_vita_receiver_0/U0/vita_receiver_v2_0_S00_AXI_inst/VITA_CORE_I/DEMUX_GEN.demux_fifo_l/afifo_64i_16o_l/inst_fifo_gen/gconvfifo.rf/grf.rf/gntv_or_sync_fifo.mem/gbm.gbmg.gbmga.ngecc.bmg/inst_blk_mem_gen/gnbram.gnativebmg.native_blk_mem_gen/valid.cstr/ramloop[1].ram.r/prim_noinit.ram/DEVICE_7SERIES.NO_BMM_INFO.SDP.SIMPLE_PRIM36.ram has an input control pin design_1_i/fmc_imageon_vita_color/fmc_imageon_vita_receiver_0/U0/vita_receiver_v2_0_S00_AXI_inst/VITA_CORE_I/DEMUX_GEN.demux_fifo_l/afifo_64i_16o_l/inst_fifo_gen/gconvfifo.rf/grf.rf/gntv_or_sync_fifo.mem/gbm.gbmg.gbmga.ngecc.bmg/inst_blk_mem_gen/gnbram.gnativebmg.native_blk_mem_gen/valid.cstr/ramloop[1].ram.r/prim_noinit.ram/DEVICE_7SERIES.NO_BMM_INFO.SDP.SIMPLE_PRIM36.ram/ADDRARDADDR[7] (net: design_1_i/fmc_imageon_vita_color/fmc_imageon_vita_receiver_0/U0/vita_receiver_v2_0_S00_AXI_inst/VITA_CORE_I/DEMUX_GEN.demux_fifo_l/afifo_64i_16o_l/inst_fifo_gen/gconvfifo.rf/grf.rf/gntv_or_sync_fifo.mem/gbm.gbmg.gbmga.ngecc.bmg/inst_blk_mem_gen/gnbram.gnativebmg.native_blk_mem_gen/valid.cstr/ramloop[1].ram.r/prim_noinit.ram/Q[4]) which is driven by a register (design_1_i/fmc_imageon_vita_color/fmc_imageon_vita_receiver_0/U0/vita_receiver_v2_0_S00_AXI_inst/VITA_CORE_I/DEMUX_GEN.demux_fifo_l/afifo_64i_16o_l/inst_fifo_gen/gconvfifo.rf/grf.rf/gntv_or_sync_fifo.gl0.wr/wpntr/gic0.gc0.count_d2_reg[4]) that has an active asychronous set or reset. This may cause corruption of the memory contents and/or read values when the set/reset is asserted and is not analyzed by the default static timing analysis. It is suggested to eliminate the use of a set/reset to registers driving this RAMB pin or else use a synchronous reset in which the assertion of the reset is timed by default.
Related violations: <none>

REQP-1839#11 Warning
RAMB36 async control check  
The RAMB36E1 design_1_i/fmc_imageon_vita_color/fmc_imageon_vita_receiver_0/U0/vita_receiver_v2_0_S00_AXI_inst/VITA_CORE_I/DEMUX_GEN.demux_fifo_l/afifo_64i_16o_l/inst_fifo_gen/gconvfifo.rf/grf.rf/gntv_or_sync_fifo.mem/gbm.gbmg.gbmga.ngecc.bmg/inst_blk_mem_gen/gnbram.gnativebmg.native_blk_mem_gen/valid.cstr/ramloop[1].ram.r/prim_noinit.ram/DEVICE_7SERIES.NO_BMM_INFO.SDP.SIMPLE_PRIM36.ram has an input control pin design_1_i/fmc_imageon_vita_color/fmc_imageon_vita_receiver_0/U0/vita_receiver_v2_0_S00_AXI_inst/VITA_CORE_I/DEMUX_GEN.demux_fifo_l/afifo_64i_16o_l/inst_fifo_gen/gconvfifo.rf/grf.rf/gntv_or_sync_fifo.mem/gbm.gbmg.gbmga.ngecc.bmg/inst_blk_mem_gen/gnbram.gnativebmg.native_blk_mem_gen/valid.cstr/ramloop[1].ram.r/prim_noinit.ram/DEVICE_7SERIES.NO_BMM_INFO.SDP.SIMPLE_PRIM36.ram/ADDRARDADDR[8] (net: design_1_i/fmc_imageon_vita_color/fmc_imageon_vita_receiver_0/U0/vita_receiver_v2_0_S00_AXI_inst/VITA_CORE_I/DEMUX_GEN.demux_fifo_l/afifo_64i_16o_l/inst_fifo_gen/gconvfifo.rf/grf.rf/gntv_or_sync_fifo.mem/gbm.gbmg.gbmga.ngecc.bmg/inst_blk_mem_gen/gnbram.gnativebmg.native_blk_mem_gen/valid.cstr/ramloop[1].ram.r/prim_noinit.ram/Q[5]) which is driven by a register (design_1_i/fmc_imageon_vita_color/fmc_imageon_vita_receiver_0/U0/vita_receiver_v2_0_S00_AXI_inst/VITA_CORE_I/DEMUX_GEN.demux_fifo_l/afifo_64i_16o_l/inst_fifo_gen/gconvfifo.rf/grf.rf/gntv_or_sync_fifo.gl0.wr/wpntr/gic0.gc0.count_d2_reg[5]) that has an active asychronous set or reset. This may cause corruption of the memory contents and/or read values when the set/reset is asserted and is not analyzed by the default static timing analysis. It is suggested to eliminate the use of a set/reset to registers driving this RAMB pin or else use a synchronous reset in which the assertion of the reset is timed by default.
Related violations: <none>

REQP-1839#12 Warning
RAMB36 async control check  
The RAMB36E1 design_1_i/fmc_imageon_vita_color/fmc_imageon_vita_receiver_0/U0/vita_receiver_v2_0_S00_AXI_inst/VITA_CORE_I/DEMUX_GEN.demux_fifo_l/afifo_64i_16o_l/inst_fifo_gen/gconvfifo.rf/grf.rf/gntv_or_sync_fifo.mem/gbm.gbmg.gbmga.ngecc.bmg/inst_blk_mem_gen/gnbram.gnativebmg.native_blk_mem_gen/valid.cstr/ramloop[1].ram.r/prim_noinit.ram/DEVICE_7SERIES.NO_BMM_INFO.SDP.SIMPLE_PRIM36.ram has an input control pin design_1_i/fmc_imageon_vita_color/fmc_imageon_vita_receiver_0/U0/vita_receiver_v2_0_S00_AXI_inst/VITA_CORE_I/DEMUX_GEN.demux_fifo_l/afifo_64i_16o_l/inst_fifo_gen/gconvfifo.rf/grf.rf/gntv_or_sync_fifo.mem/gbm.gbmg.gbmga.ngecc.bmg/inst_blk_mem_gen/gnbram.gnativebmg.native_blk_mem_gen/valid.cstr/ramloop[1].ram.r/prim_noinit.ram/DEVICE_7SERIES.NO_BMM_INFO.SDP.SIMPLE_PRIM36.ram/ADDRARDADDR[9] (net: design_1_i/fmc_imageon_vita_color/fmc_imageon_vita_receiver_0/U0/vita_receiver_v2_0_S00_AXI_inst/VITA_CORE_I/DEMUX_GEN.demux_fifo_l/afifo_64i_16o_l/inst_fifo_gen/gconvfifo.rf/grf.rf/gntv_or_sync_fifo.mem/gbm.gbmg.gbmga.ngecc.bmg/inst_blk_mem_gen/gnbram.gnativebmg.native_blk_mem_gen/valid.cstr/ramloop[1].ram.r/prim_noinit.ram/Q[6]) which is driven by a register (design_1_i/fmc_imageon_vita_color/fmc_imageon_vita_receiver_0/U0/vita_receiver_v2_0_S00_AXI_inst/VITA_CORE_I/DEMUX_GEN.demux_fifo_l/afifo_64i_16o_l/inst_fifo_gen/gconvfifo.rf/grf.rf/gntv_or_sync_fifo.gl0.wr/wpntr/gic0.gc0.count_d2_reg[6]) that has an active asychronous set or reset. This may cause corruption of the memory contents and/or read values when the set/reset is asserted and is not analyzed by the default static timing analysis. It is suggested to eliminate the use of a set/reset to registers driving this RAMB pin or else use a synchronous reset in which the assertion of the reset is timed by default.
Related violations: <none>

REQP-1839#13 Warning
RAMB36 async control check  
The RAMB36E1 design_1_i/fmc_imageon_vita_color/fmc_imageon_vita_receiver_0/U0/vita_receiver_v2_0_S00_AXI_inst/VITA_CORE_I/DEMUX_GEN.demux_fifo_l/afifo_64i_16o_l/inst_fifo_gen/gconvfifo.rf/grf.rf/gntv_or_sync_fifo.mem/gbm.gbmg.gbmga.ngecc.bmg/inst_blk_mem_gen/gnbram.gnativebmg.native_blk_mem_gen/valid.cstr/ramloop[1].ram.r/prim_noinit.ram/DEVICE_7SERIES.NO_BMM_INFO.SDP.SIMPLE_PRIM36.ram has an input control pin design_1_i/fmc_imageon_vita_color/fmc_imageon_vita_receiver_0/U0/vita_receiver_v2_0_S00_AXI_inst/VITA_CORE_I/DEMUX_GEN.demux_fifo_l/afifo_64i_16o_l/inst_fifo_gen/gconvfifo.rf/grf.rf/gntv_or_sync_fifo.mem/gbm.gbmg.gbmga.ngecc.bmg/inst_blk_mem_gen/gnbram.gnativebmg.native_blk_mem_gen/valid.cstr/ramloop[1].ram.r/prim_noinit.ram/DEVICE_7SERIES.NO_BMM_INFO.SDP.SIMPLE_PRIM36.ram/ADDRBWRADDR[10] (net: design_1_i/fmc_imageon_vita_color/fmc_imageon_vita_receiver_0/U0/vita_receiver_v2_0_S00_AXI_inst/VITA_CORE_I/DEMUX_GEN.demux_fifo_l/afifo_64i_16o_l/inst_fifo_gen/gconvfifo.rf/grf.rf/gntv_or_sync_fifo.mem/gbm.gbmg.gbmga.ngecc.bmg/inst_blk_mem_gen/gnbram.gnativebmg.native_blk_mem_gen/valid.cstr/ramloop[1].ram.r/prim_noinit.ram/gc0.count_d1_reg[13][9]) which is driven by a register (design_1_i/fmc_imageon_vita_color/fmc_imageon_vita_receiver_0/U0/vita_receiver_v2_0_S00_AXI_inst/VITA_CORE_I/DEMUX_GEN.demux_fifo_l/afifo_64i_16o_l/inst_fifo_gen/gconvfifo.rf/grf.rf/gntv_or_sync_fifo.gl0.rd/rpntr/gc0.count_d1_reg[9]) that has an active asychronous set or reset. This may cause corruption of the memory contents and/or read values when the set/reset is asserted and is not analyzed by the default static timing analysis. It is suggested to eliminate the use of a set/reset to registers driving this RAMB pin or else use a synchronous reset in which the assertion of the reset is timed by default.
Related violations: <none>

REQP-1839#14 Warning
RAMB36 async control check  
The RAMB36E1 design_1_i/fmc_imageon_vita_color/fmc_imageon_vita_receiver_0/U0/vita_receiver_v2_0_S00_AXI_inst/VITA_CORE_I/DEMUX_GEN.demux_fifo_l/afifo_64i_16o_l/inst_fifo_gen/gconvfifo.rf/grf.rf/gntv_or_sync_fifo.mem/gbm.gbmg.gbmga.ngecc.bmg/inst_blk_mem_gen/gnbram.gnativebmg.native_blk_mem_gen/valid.cstr/ramloop[1].ram.r/prim_noinit.ram/DEVICE_7SERIES.NO_BMM_INFO.SDP.SIMPLE_PRIM36.ram has an input control pin design_1_i/fmc_imageon_vita_color/fmc_imageon_vita_receiver_0/U0/vita_receiver_v2_0_S00_AXI_inst/VITA_CORE_I/DEMUX_GEN.demux_fifo_l/afifo_64i_16o_l/inst_fifo_gen/gconvfifo.rf/grf.rf/gntv_or_sync_fifo.mem/gbm.gbmg.gbmga.ngecc.bmg/inst_blk_mem_gen/gnbram.gnativebmg.native_blk_mem_gen/valid.cstr/ramloop[1].ram.r/prim_noinit.ram/DEVICE_7SERIES.NO_BMM_INFO.SDP.SIMPLE_PRIM36.ram/ADDRBWRADDR[11] (net: design_1_i/fmc_imageon_vita_color/fmc_imageon_vita_receiver_0/U0/vita_receiver_v2_0_S00_AXI_inst/VITA_CORE_I/DEMUX_GEN.demux_fifo_l/afifo_64i_16o_l/inst_fifo_gen/gconvfifo.rf/grf.rf/gntv_or_sync_fifo.mem/gbm.gbmg.gbmga.ngecc.bmg/inst_blk_mem_gen/gnbram.gnativebmg.native_blk_mem_gen/valid.cstr/ramloop[1].ram.r/prim_noinit.ram/gc0.count_d1_reg[13][10]) which is driven by a register (design_1_i/fmc_imageon_vita_color/fmc_imageon_vita_receiver_0/U0/vita_receiver_v2_0_S00_AXI_inst/VITA_CORE_I/DEMUX_GEN.demux_fifo_l/afifo_64i_16o_l/inst_fifo_gen/gconvfifo.rf/grf.rf/gntv_or_sync_fifo.gl0.rd/rpntr/gc0.count_d1_reg[10]) that has an active asychronous set or reset. This may cause corruption of the memory contents and/or read values when the set/reset is asserted and is not analyzed by the default static timing analysis. It is suggested to eliminate the use of a set/reset to registers driving this RAMB pin or else use a synchronous reset in which the assertion of the reset is timed by default.
Related violations: <none>

REQP-1839#15 Warning
RAMB36 async control check  
The RAMB36E1 design_1_i/fmc_imageon_vita_color/fmc_imageon_vita_receiver_0/U0/vita_receiver_v2_0_S00_AXI_inst/VITA_CORE_I/DEMUX_GEN.demux_fifo_l/afifo_64i_16o_l/inst_fifo_gen/gconvfifo.rf/grf.rf/gntv_or_sync_fifo.mem/gbm.gbmg.gbmga.ngecc.bmg/inst_blk_mem_gen/gnbram.gnativebmg.native_blk_mem_gen/valid.cstr/ramloop[1].ram.r/prim_noinit.ram/DEVICE_7SERIES.NO_BMM_INFO.SDP.SIMPLE_PRIM36.ram has an input control pin design_1_i/fmc_imageon_vita_color/fmc_imageon_vita_receiver_0/U0/vita_receiver_v2_0_S00_AXI_inst/VITA_CORE_I/DEMUX_GEN.demux_fifo_l/afifo_64i_16o_l/inst_fifo_gen/gconvfifo.rf/grf.rf/gntv_or_sync_fifo.mem/gbm.gbmg.gbmga.ngecc.bmg/inst_blk_mem_gen/gnbram.gnativebmg.native_blk_mem_gen/valid.cstr/ramloop[1].ram.r/prim_noinit.ram/DEVICE_7SERIES.NO_BMM_INFO.SDP.SIMPLE_PRIM36.ram/ADDRBWRADDR[12] (net: design_1_i/fmc_imageon_vita_color/fmc_imageon_vita_receiver_0/U0/vita_receiver_v2_0_S00_AXI_inst/VITA_CORE_I/DEMUX_GEN.demux_fifo_l/afifo_64i_16o_l/inst_fifo_gen/gconvfifo.rf/grf.rf/gntv_or_sync_fifo.mem/gbm.gbmg.gbmga.ngecc.bmg/inst_blk_mem_gen/gnbram.gnativebmg.native_blk_mem_gen/valid.cstr/ramloop[1].ram.r/prim_noinit.ram/gc0.count_d1_reg[13][11]) which is driven by a register (design_1_i/fmc_imageon_vita_color/fmc_imageon_vita_receiver_0/U0/vita_receiver_v2_0_S00_AXI_inst/VITA_CORE_I/DEMUX_GEN.demux_fifo_l/afifo_64i_16o_l/inst_fifo_gen/gconvfifo.rf/grf.rf/gntv_or_sync_fifo.gl0.rd/rpntr/gc0.count_d1_reg[11]) that has an active asychronous set or reset. This may cause corruption of the memory contents and/or read values when the set/reset is asserted and is not analyzed by the default static timing analysis. It is suggested to eliminate the use of a set/reset to registers driving this RAMB pin or else use a synchronous reset in which the assertion of the reset is timed by default.
Related violations: <none>

REQP-1839#16 Warning
RAMB36 async control check  
The RAMB36E1 design_1_i/fmc_imageon_vita_color/fmc_imageon_vita_receiver_0/U0/vita_receiver_v2_0_S00_AXI_inst/VITA_CORE_I/DEMUX_GEN.demux_fifo_l/afifo_64i_16o_l/inst_fifo_gen/gconvfifo.rf/grf.rf/gntv_or_sync_fifo.mem/gbm.gbmg.gbmga.ngecc.bmg/inst_blk_mem_gen/gnbram.gnativebmg.native_blk_mem_gen/valid.cstr/ramloop[1].ram.r/prim_noinit.ram/DEVICE_7SERIES.NO_BMM_INFO.SDP.SIMPLE_PRIM36.ram has an input control pin design_1_i/fmc_imageon_vita_color/fmc_imageon_vita_receiver_0/U0/vita_receiver_v2_0_S00_AXI_inst/VITA_CORE_I/DEMUX_GEN.demux_fifo_l/afifo_64i_16o_l/inst_fifo_gen/gconvfifo.rf/grf.rf/gntv_or_sync_fifo.mem/gbm.gbmg.gbmga.ngecc.bmg/inst_blk_mem_gen/gnbram.gnativebmg.native_blk_mem_gen/valid.cstr/ramloop[1].ram.r/prim_noinit.ram/DEVICE_7SERIES.NO_BMM_INFO.SDP.SIMPLE_PRIM36.ram/ADDRBWRADDR[13] (net: design_1_i/fmc_imageon_vita_color/fmc_imageon_vita_receiver_0/U0/vita_receiver_v2_0_S00_AXI_inst/VITA_CORE_I/DEMUX_GEN.demux_fifo_l/afifo_64i_16o_l/inst_fifo_gen/gconvfifo.rf/grf.rf/gntv_or_sync_fifo.mem/gbm.gbmg.gbmga.ngecc.bmg/inst_blk_mem_gen/gnbram.gnativebmg.native_blk_mem_gen/valid.cstr/ramloop[1].ram.r/prim_noinit.ram/gc0.count_d1_reg[13][12]) which is driven by a register (design_1_i/fmc_imageon_vita_color/fmc_imageon_vita_receiver_0/U0/vita_receiver_v2_0_S00_AXI_inst/VITA_CORE_I/DEMUX_GEN.demux_fifo_l/afifo_64i_16o_l/inst_fifo_gen/gconvfifo.rf/grf.rf/gntv_or_sync_fifo.gl0.rd/rpntr/gc0.count_d1_reg[12]) that has an active asychronous set or reset. This may cause corruption of the memory contents and/or read values when the set/reset is asserted and is not analyzed by the default static timing analysis. It is suggested to eliminate the use of a set/reset to registers driving this RAMB pin or else use a synchronous reset in which the assertion of the reset is timed by default.
Related violations: <none>

REQP-1839#17 Warning
RAMB36 async control check  
The RAMB36E1 design_1_i/fmc_imageon_vita_color/fmc_imageon_vita_receiver_0/U0/vita_receiver_v2_0_S00_AXI_inst/VITA_CORE_I/DEMUX_GEN.demux_fifo_l/afifo_64i_16o_l/inst_fifo_gen/gconvfifo.rf/grf.rf/gntv_or_sync_fifo.mem/gbm.gbmg.gbmga.ngecc.bmg/inst_blk_mem_gen/gnbram.gnativebmg.native_blk_mem_gen/valid.cstr/ramloop[1].ram.r/prim_noinit.ram/DEVICE_7SERIES.NO_BMM_INFO.SDP.SIMPLE_PRIM36.ram has an input control pin design_1_i/fmc_imageon_vita_color/fmc_imageon_vita_receiver_0/U0/vita_receiver_v2_0_S00_AXI_inst/VITA_CORE_I/DEMUX_GEN.demux_fifo_l/afifo_64i_16o_l/inst_fifo_gen/gconvfifo.rf/grf.rf/gntv_or_sync_fifo.mem/gbm.gbmg.gbmga.ngecc.bmg/inst_blk_mem_gen/gnbram.gnativebmg.native_blk_mem_gen/valid.cstr/ramloop[1].ram.r/prim_noinit.ram/DEVICE_7SERIES.NO_BMM_INFO.SDP.SIMPLE_PRIM36.ram/ADDRBWRADDR[14] (net: design_1_i/fmc_imageon_vita_color/fmc_imageon_vita_receiver_0/U0/vita_receiver_v2_0_S00_AXI_inst/VITA_CORE_I/DEMUX_GEN.demux_fifo_l/afifo_64i_16o_l/inst_fifo_gen/gconvfifo.rf/grf.rf/gntv_or_sync_fifo.mem/gbm.gbmg.gbmga.ngecc.bmg/inst_blk_mem_gen/gnbram.gnativebmg.native_blk_mem_gen/valid.cstr/ramloop[1].ram.r/prim_noinit.ram/gc0.count_d1_reg[13][13]) which is driven by a register (design_1_i/fmc_imageon_vita_color/fmc_imageon_vita_receiver_0/U0/vita_receiver_v2_0_S00_AXI_inst/VITA_CORE_I/DEMUX_GEN.demux_fifo_l/afifo_64i_16o_l/inst_fifo_gen/gconvfifo.rf/grf.rf/gntv_or_sync_fifo.gl0.rd/rpntr/gc0.count_d1_reg[13]) that has an active asychronous set or reset. This may cause corruption of the memory contents and/or read values when the set/reset is asserted and is not analyzed by the default static timing analysis. It is suggested to eliminate the use of a set/reset to registers driving this RAMB pin or else use a synchronous reset in which the assertion of the reset is timed by default.
Related violations: <none>

REQP-1839#18 Warning
RAMB36 async control check  
The RAMB36E1 design_1_i/fmc_imageon_vita_color/fmc_imageon_vita_receiver_0/U0/vita_receiver_v2_0_S00_AXI_inst/VITA_CORE_I/DEMUX_GEN.demux_fifo_l/afifo_64i_16o_l/inst_fifo_gen/gconvfifo.rf/grf.rf/gntv_or_sync_fifo.mem/gbm.gbmg.gbmga.ngecc.bmg/inst_blk_mem_gen/gnbram.gnativebmg.native_blk_mem_gen/valid.cstr/ramloop[1].ram.r/prim_noinit.ram/DEVICE_7SERIES.NO_BMM_INFO.SDP.SIMPLE_PRIM36.ram has an input control pin design_1_i/fmc_imageon_vita_color/fmc_imageon_vita_receiver_0/U0/vita_receiver_v2_0_S00_AXI_inst/VITA_CORE_I/DEMUX_GEN.demux_fifo_l/afifo_64i_16o_l/inst_fifo_gen/gconvfifo.rf/grf.rf/gntv_or_sync_fifo.mem/gbm.gbmg.gbmga.ngecc.bmg/inst_blk_mem_gen/gnbram.gnativebmg.native_blk_mem_gen/valid.cstr/ramloop[1].ram.r/prim_noinit.ram/DEVICE_7SERIES.NO_BMM_INFO.SDP.SIMPLE_PRIM36.ram/ADDRBWRADDR[7] (net: design_1_i/fmc_imageon_vita_color/fmc_imageon_vita_receiver_0/U0/vita_receiver_v2_0_S00_AXI_inst/VITA_CORE_I/DEMUX_GEN.demux_fifo_l/afifo_64i_16o_l/inst_fifo_gen/gconvfifo.rf/grf.rf/gntv_or_sync_fifo.mem/gbm.gbmg.gbmga.ngecc.bmg/inst_blk_mem_gen/gnbram.gnativebmg.native_blk_mem_gen/valid.cstr/ramloop[1].ram.r/prim_noinit.ram/gc0.count_d1_reg[13][6]) which is driven by a register (design_1_i/fmc_imageon_vita_color/fmc_imageon_vita_receiver_0/U0/vita_receiver_v2_0_S00_AXI_inst/VITA_CORE_I/DEMUX_GEN.demux_fifo_l/afifo_64i_16o_l/inst_fifo_gen/gconvfifo.rf/grf.rf/gntv_or_sync_fifo.gl0.rd/rpntr/gc0.count_d1_reg[6]) that has an active asychronous set or reset. This may cause corruption of the memory contents and/or read values when the set/reset is asserted and is not analyzed by the default static timing analysis. It is suggested to eliminate the use of a set/reset to registers driving this RAMB pin or else use a synchronous reset in which the assertion of the reset is timed by default.
Related violations: <none>

REQP-1839#19 Warning
RAMB36 async control check  
The RAMB36E1 design_1_i/fmc_imageon_vita_color/fmc_imageon_vita_receiver_0/U0/vita_receiver_v2_0_S00_AXI_inst/VITA_CORE_I/DEMUX_GEN.demux_fifo_l/afifo_64i_16o_l/inst_fifo_gen/gconvfifo.rf/grf.rf/gntv_or_sync_fifo.mem/gbm.gbmg.gbmga.ngecc.bmg/inst_blk_mem_gen/gnbram.gnativebmg.native_blk_mem_gen/valid.cstr/ramloop[1].ram.r/prim_noinit.ram/DEVICE_7SERIES.NO_BMM_INFO.SDP.SIMPLE_PRIM36.ram has an input control pin design_1_i/fmc_imageon_vita_color/fmc_imageon_vita_receiver_0/U0/vita_receiver_v2_0_S00_AXI_inst/VITA_CORE_I/DEMUX_GEN.demux_fifo_l/afifo_64i_16o_l/inst_fifo_gen/gconvfifo.rf/grf.rf/gntv_or_sync_fifo.mem/gbm.gbmg.gbmga.ngecc.bmg/inst_blk_mem_gen/gnbram.gnativebmg.native_blk_mem_gen/valid.cstr/ramloop[1].ram.r/prim_noinit.ram/DEVICE_7SERIES.NO_BMM_INFO.SDP.SIMPLE_PRIM36.ram/ADDRBWRADDR[8] (net: design_1_i/fmc_imageon_vita_color/fmc_imageon_vita_receiver_0/U0/vita_receiver_v2_0_S00_AXI_inst/VITA_CORE_I/DEMUX_GEN.demux_fifo_l/afifo_64i_16o_l/inst_fifo_gen/gconvfifo.rf/grf.rf/gntv_or_sync_fifo.mem/gbm.gbmg.gbmga.ngecc.bmg/inst_blk_mem_gen/gnbram.gnativebmg.native_blk_mem_gen/valid.cstr/ramloop[1].ram.r/prim_noinit.ram/gc0.count_d1_reg[13][7]) which is driven by a register (design_1_i/fmc_imageon_vita_color/fmc_imageon_vita_receiver_0/U0/vita_receiver_v2_0_S00_AXI_inst/VITA_CORE_I/DEMUX_GEN.demux_fifo_l/afifo_64i_16o_l/inst_fifo_gen/gconvfifo.rf/grf.rf/gntv_or_sync_fifo.gl0.rd/rpntr/gc0.count_d1_reg[7]) that has an active asychronous set or reset. This may cause corruption of the memory contents and/or read values when the set/reset is asserted and is not analyzed by the default static timing analysis. It is suggested to eliminate the use of a set/reset to registers driving this RAMB pin or else use a synchronous reset in which the assertion of the reset is timed by default.
Related violations: <none>

REQP-1839#20 Warning
RAMB36 async control check  
The RAMB36E1 design_1_i/fmc_imageon_vita_color/fmc_imageon_vita_receiver_0/U0/vita_receiver_v2_0_S00_AXI_inst/VITA_CORE_I/DEMUX_GEN.demux_fifo_l/afifo_64i_16o_l/inst_fifo_gen/gconvfifo.rf/grf.rf/gntv_or_sync_fifo.mem/gbm.gbmg.gbmga.ngecc.bmg/inst_blk_mem_gen/gnbram.gnativebmg.native_blk_mem_gen/valid.cstr/ramloop[1].ram.r/prim_noinit.ram/DEVICE_7SERIES.NO_BMM_INFO.SDP.SIMPLE_PRIM36.ram has an input control pin design_1_i/fmc_imageon_vita_color/fmc_imageon_vita_receiver_0/U0/vita_receiver_v2_0_S00_AXI_inst/VITA_CORE_I/DEMUX_GEN.demux_fifo_l/afifo_64i_16o_l/inst_fifo_gen/gconvfifo.rf/grf.rf/gntv_or_sync_fifo.mem/gbm.gbmg.gbmga.ngecc.bmg/inst_blk_mem_gen/gnbram.gnativebmg.native_blk_mem_gen/valid.cstr/ramloop[1].ram.r/prim_noinit.ram/DEVICE_7SERIES.NO_BMM_INFO.SDP.SIMPLE_PRIM36.ram/ADDRBWRADDR[9] (net: design_1_i/fmc_imageon_vita_color/fmc_imageon_vita_receiver_0/U0/vita_receiver_v2_0_S00_AXI_inst/VITA_CORE_I/DEMUX_GEN.demux_fifo_l/afifo_64i_16o_l/inst_fifo_gen/gconvfifo.rf/grf.rf/gntv_or_sync_fifo.mem/gbm.gbmg.gbmga.ngecc.bmg/inst_blk_mem_gen/gnbram.gnativebmg.native_blk_mem_gen/valid.cstr/ramloop[1].ram.r/prim_noinit.ram/gc0.count_d1_reg[13][8]) which is driven by a register (design_1_i/fmc_imageon_vita_color/fmc_imageon_vita_receiver_0/U0/vita_receiver_v2_0_S00_AXI_inst/VITA_CORE_I/DEMUX_GEN.demux_fifo_l/afifo_64i_16o_l/inst_fifo_gen/gconvfifo.rf/grf.rf/gntv_or_sync_fifo.gl0.rd/rpntr/gc0.count_d1_reg[8]) that has an active asychronous set or reset. This may cause corruption of the memory contents and/or read values when the set/reset is asserted and is not analyzed by the default static timing analysis. It is suggested to eliminate the use of a set/reset to registers driving this RAMB pin or else use a synchronous reset in which the assertion of the reset is timed by default.
Related violations: <none>

RTSTAT-10#1 Warning
No routable loads  
11 net(s) have no routable loads. The problem bus(es) and/or net(s) are design_1_i/fmc_imageon_vita_color/fmc_imageon_vita_receiver_0/U0/vita_receiver_v2_0_S00_AXI_inst/VITA_CORE_I/vita_iserdes_v5.vita_iserdes/generate_datagen.datagen[0].db/iserdesgen[0].ic/FIFO_FULL, design_1_i/fmc_imageon_vita_color/fmc_imageon_vita_receiver_0/U0/vita_receiver_v2_0_S00_AXI_inst/VITA_CORE_I/vita_iserdes_v5.vita_iserdes/generate_datagen.datagen[1].db/iserdesgen[0].ic/FIFO_FULL, design_1_i/fmc_imageon_vita_color/fmc_imageon_vita_receiver_0/U0/vita_receiver_v2_0_S00_AXI_inst/VITA_CORE_I/vita_iserdes_v5.vita_iserdes/generate_datagen.datagen[2].db/iserdesgen[0].ic/FIFO_FULL, design_1_i/fmc_imageon_vita_color/fmc_imageon_vita_receiver_0/U0/vita_receiver_v2_0_S00_AXI_inst/VITA_CORE_I/vita_iserdes_v5.vita_iserdes/generate_datagen.datagen[4].db/iserdesgen[0].ic/FIFO_FULL, design_1_i/fmc_imageon_vita_color/fmc_imageon_vita_receiver_0/U0/vita_receiver_v2_0_S00_AXI_inst/VITA_CORE_I/vita_iserdes_v5.vita_iserdes/generate_datagen.datagen[3].db/iserdesgen[0].ic/FIFO_FULL, design_1_i/fmc_imageon_vita_color/fmc_imageon_vita_receiver_0/U0/vita_receiver_v2_0_S00_AXI_inst/VITA_CORE_I/DEMUX_GEN.demux_fifo_l/afifo_64i_16o_l/inst_fifo_gen/gconvfifo.rf/grf.rf/gntv_or_sync_fifo.gl0.rd/gr1.gr1_int.rfwft/aempty_fwft_i, design_1_i/fmc_imageon_vita_color/fmc_imageon_vita_receiver_0/U0/vita_receiver_v2_0_S00_AXI_inst/VITA_CORE_I/DEMUX_GEN.demux_fifo_l/afifo_64i_16o_l/inst_fifo_gen/gconvfifo.rf/grf.rf/gntv_or_sync_fifo.gl0.rd/gr1.gr1_int.rfwft/empty_fwft_i, design_1_i/fmc_imageon_vita_color/fmc_imageon_vita_receiver_0/U0/vita_receiver_v2_0_S00_AXI_inst/VITA_CORE_I/DEMUX_GEN.demux_fifo_l/afifo_64i_16o_l/inst_fifo_gen/gconvfifo.rf/grf.rf/gntv_or_sync_fifo.gl0.rd/gras.rsts/ram_empty_i, design_1_i/fmc_imageon_vita_color/fmc_imageon_vita_receiver_0/U0/vita_receiver_v2_0_S00_AXI_inst/VITA_CORE_I/DEMUX_GEN.demux_fifo_l/afifo_64i_16o_l/inst_fifo_gen/gconvfifo.rf/grf.rf/gntv_or_sync_fifo.gl0.wr/gwas.wsts/ram_full_i, design_1_i/fmc_imageon_vita_color/fmc_imageon_vita_receiver_0/U0/vita_receiver_v2_0_S00_AXI_inst/VITA_CORE_I/framestart2_regen_l/pulse_regen_l/inst_fifo_gen/gconvfifo.rf/grf.rf/gntv_or_sync_fifo.gl0.wr/gwas.wsts/ram_full_i, design_1_i/fmc_imageon_vita_color/fmc_imageon_vita_receiver_0/U0/vita_receiver_v2_0_S00_AXI_inst/VITA_CORE_I/DEMUX_GEN.demux_fifo_l/afifo_64i_16o_l/inst_fifo_gen/gconvfifo.rf/grf.rf/gntv_or_sync_fifo.gl0.rd/gr1.gr1_int.rfwft/user_valid.
Related violations: <none>

AVAL-4#1 Advisory
enum_USE_DPORT_FALSE_enum_DREG_ADREG_0_connects_CED_CEAD_RSTD_GND  
design_1_i/fmc_imageon_vita_color/fmc_imageon_vita_receiver_0/U0/vita_receiver_v2_0_S00_AXI_inst/VITA_CORE_I/vita_blc/gen_correction.gen_correct_blocks[0].gen_correct_blocks_v5.the_correct_block: DSP48E1 is not using the D port (USE_DPORT = FALSE). For improved power characteristics, set DREG and ADREG to '1', tie CED, CEAD, and RSTD to logic '0'.
Related violations: <none>

AVAL-4#2 Advisory
enum_USE_DPORT_FALSE_enum_DREG_ADREG_0_connects_CED_CEAD_RSTD_GND  
design_1_i/fmc_imageon_vita_color/fmc_imageon_vita_receiver_0/U0/vita_receiver_v2_0_S00_AXI_inst/VITA_CORE_I/vita_blc/gen_correction.gen_correct_blocks[1].gen_correct_blocks_v5.the_correct_block: DSP48E1 is not using the D port (USE_DPORT = FALSE). For improved power characteristics, set DREG and ADREG to '1', tie CED, CEAD, and RSTD to logic '0'.
Related violations: <none>

AVAL-4#3 Advisory
enum_USE_DPORT_FALSE_enum_DREG_ADREG_0_connects_CED_CEAD_RSTD_GND  
design_1_i/fmc_imageon_vita_color/fmc_imageon_vita_receiver_0/U0/vita_receiver_v2_0_S00_AXI_inst/VITA_CORE_I/vita_blc/gen_correction.gen_correct_blocks[2].gen_correct_blocks_v5.the_correct_block: DSP48E1 is not using the D port (USE_DPORT = FALSE). For improved power characteristics, set DREG and ADREG to '1', tie CED, CEAD, and RSTD to logic '0'.
Related violations: <none>

AVAL-4#4 Advisory
enum_USE_DPORT_FALSE_enum_DREG_ADREG_0_connects_CED_CEAD_RSTD_GND  
design_1_i/fmc_imageon_vita_color/fmc_imageon_vita_receiver_0/U0/vita_receiver_v2_0_S00_AXI_inst/VITA_CORE_I/vita_blc/gen_correction.gen_correct_blocks[3].gen_correct_blocks_v5.the_correct_block: DSP48E1 is not using the D port (USE_DPORT = FALSE). For improved power characteristics, set DREG and ADREG to '1', tie CED, CEAD, and RSTD to logic '0'.
Related violations: <none>

REQP-20#1 Advisory
enum_AREG_0_connects_CEA1_GND_connects_CEA2_GND  
design_1_i/fmc_imageon_vita_color/fmc_imageon_vita_receiver_0/U0/vita_receiver_v2_0_S00_AXI_inst/VITA_CORE_I/vita_blc/gen_correction.gen_correct_blocks[0].gen_correct_blocks_v5.the_correct_block: When DSP48E1 attribute AREG is set to 0, the CEA1 and CEA2 pins should be tied to GND to save power.
Related violations: <none>

REQP-20#2 Advisory
enum_AREG_0_connects_CEA1_GND_connects_CEA2_GND  
design_1_i/fmc_imageon_vita_color/fmc_imageon_vita_receiver_0/U0/vita_receiver_v2_0_S00_AXI_inst/VITA_CORE_I/vita_blc/gen_correction.gen_correct_blocks[1].gen_correct_blocks_v5.the_correct_block: When DSP48E1 attribute AREG is set to 0, the CEA1 and CEA2 pins should be tied to GND to save power.
Related violations: <none>

REQP-20#3 Advisory
enum_AREG_0_connects_CEA1_GND_connects_CEA2_GND  
design_1_i/fmc_imageon_vita_color/fmc_imageon_vita_receiver_0/U0/vita_receiver_v2_0_S00_AXI_inst/VITA_CORE_I/vita_blc/gen_correction.gen_correct_blocks[2].gen_correct_blocks_v5.the_correct_block: When DSP48E1 attribute AREG is set to 0, the CEA1 and CEA2 pins should be tied to GND to save power.
Related violations: <none>

REQP-20#4 Advisory
enum_AREG_0_connects_CEA1_GND_connects_CEA2_GND  
design_1_i/fmc_imageon_vita_color/fmc_imageon_vita_receiver_0/U0/vita_receiver_v2_0_S00_AXI_inst/VITA_CORE_I/vita_blc/gen_correction.gen_correct_blocks[3].gen_correct_blocks_v5.the_correct_block: When DSP48E1 attribute AREG is set to 0, the CEA1 and CEA2 pins should be tied to GND to save power.
Related violations: <none>


