#-----------------------------------------------------------
# Webtalk v2017.4 (64-bit)
# SW Build 2086221 on Fri Dec 15 20:55:39 MST 2017
# 
# Start of session at: Mon Feb 19 15:14:49 2018
# Process ID: 13128
# Current directory: D:/Rohith/PASSthrough_VITA/in_2017.4/16Feb2018/VITA_passthrough/project_2/project_2.sdk/webtalk
# Command line: wbtcv.exe -mode batch -source sdk_webtalk.tcl
# Log file: D:/Rohith/PASSthrough_VITA/in_2017.4/16Feb2018/VITA_passthrough/project_2/project_2.sdk/webtalk/webtalk.log
# Journal file: D:/Rohith/PASSthrough_VITA/in_2017.4/16Feb2018/VITA_passthrough/project_2/project_2.sdk/webtalk\webtalk.jou
#-----------------------------------------------------------
source sdk_webtalk.tcl
# webtalk_init -webtalk_dir D:\\Rohith\\PASSthrough_VITA\\in_2017.4\\16Feb2018\\VITA_passthrough\\project_2\\project_2.sdk\\webtalk
# webtalk_register_client -client project
# webtalk_add_data -client project -key date_generated -value "2018-02-19 15:14:47" -context "software_version_and_target_device"
# webtalk_add_data -client project -key product_version -value "SDK v2017.4" -context "software_version_and_target_device"
# webtalk_add_data -client project -key build_version -value "2017.4" -context "software_version_and_target_device"
# webtalk_add_data -client project -key os_platform -value "amd64" -context "software_version_and_target_device"
# webtalk_add_data -client project -key registration_id -value "211306090_0_0_340" -context "software_version_and_target_device"
# webtalk_add_data -client project -key tool_flow -value "SDK" -context "software_version_and_target_device"
# webtalk_add_data -client project -key beta -value "false" -context "software_version_and_target_device"
# webtalk_add_data -client project -key route_design -value "NA" -context "software_version_and_target_device"
# webtalk_add_data -client project -key target_family -value "NA" -context "software_version_and_target_device"
# webtalk_add_data -client project -key target_device -value "NA" -context "software_version_and_target_device"
# webtalk_add_data -client project -key target_package -value "NA" -context "software_version_and_target_device"
# webtalk_add_data -client project -key target_speed -value "NA" -context "software_version_and_target_device"
# webtalk_add_data -client project -key random_id -value "l46td7e6l06r5gf92vn9lb3r6b" -context "software_version_and_target_device"
# webtalk_add_data -client project -key project_id -value "2017.4_3" -context "software_version_and_target_device"
# webtalk_add_data -client project -key project_iteration -value "3" -context "software_version_and_target_device"
# webtalk_add_data -client project -key os_name -value "Microsoft Windows 8 or later , 64-bit" -context "user_environment"
# webtalk_add_data -client project -key os_release -value "major release  (build 9200)" -context "user_environment"
# webtalk_add_data -client project -key cpu_name -value "AMD A8-7600 Radeon R7, 10 Compute Cores 4C+6G  " -context "user_environment"
# webtalk_add_data -client project -key cpu_speed -value "3094 MHz" -context "user_environment"
# webtalk_add_data -client project -key total_processors -value "1" -context "user_environment"
# webtalk_add_data -client project -key system_ram -value "7.434 GB" -context "user_environment"
# webtalk_register_client -client sdk
# webtalk_add_data -client sdk -key uid -value "1519033328809" -context "sdk\\\\bsp/1519033328809"
# webtalk_add_data -client sdk -key hwid -value "1518791122573" -context "sdk\\\\bsp/1519033328809"
# webtalk_add_data -client sdk -key os -value "standalone" -context "sdk\\\\bsp/1519033328809"
# webtalk_add_data -client sdk -key apptemplate -value "null" -context "sdk\\\\bsp/1519033328809"
# webtalk_add_data -client sdk -key RecordType -value "BSPCreation" -context "sdk\\\\bsp/1519033328809"
# webtalk_add_data -client sdk -key uid -value "1519033542389" -context "sdk\\\\application/1519033542389"
# webtalk_add_data -client sdk -key hwid -value "1518791122573" -context "sdk\\\\application/1519033542389"
# webtalk_add_data -client sdk -key bspid -value "1519033328809" -context "sdk\\\\application/1519033542389"
# webtalk_add_data -client sdk -key newbsp -value "false" -context "sdk\\\\application/1519033542389"
# webtalk_add_data -client sdk -key os -value "standalone" -context "sdk\\\\application/1519033542389"
# webtalk_add_data -client sdk -key apptemplate -value "hello_world" -context "sdk\\\\application/1519033542389"
# webtalk_add_data -client sdk -key RecordType -value "APPCreation" -context "sdk\\\\application/1519033542389"
# webtalk_add_data -client sdk -key LangUsed -value "C" -context "sdk\\\\application/1519033542389"
# webtalk_add_data -client sdk -key Procused -value "ps7_cortexa9" -context "sdk\\\\application/1519033542389"
# webtalk_add_data -client sdk -key uid -value "1519043206909" -context "sdk\\\\application/1519043206909"
# webtalk_add_data -client sdk -key hwid -value "1518791122573" -context "sdk\\\\application/1519043206909"
# webtalk_add_data -client sdk -key bspid -value "1519033328809" -context "sdk\\\\application/1519043206909"
# webtalk_add_data -client sdk -key newbsp -value "false" -context "sdk\\\\application/1519043206909"
# webtalk_add_data -client sdk -key os -value "standalone" -context "sdk\\\\application/1519043206909"
# webtalk_add_data -client sdk -key apptemplate -value "hello_world" -context "sdk\\\\application/1519043206909"
# webtalk_add_data -client sdk -key RecordType -value "APPCreation" -context "sdk\\\\application/1519043206909"
# webtalk_add_data -client sdk -key LangUsed -value "C" -context "sdk\\\\application/1519043206909"
# webtalk_add_data -client sdk -key Procused -value "ps7_cortexa9" -context "sdk\\\\application/1519043206909"
# webtalk_add_data -client sdk -key projSize -value "307.28515625" -context "sdk\\\\application/1519043206909"
# webtalk_add_data -client sdk -key uid -value "NA" -context "sdk\\\\bsp/1519049687746"
# webtalk_add_data -client sdk -key RecordType -value "ToolUsage" -context "sdk\\\\bsp/1519049687746"
# webtalk_add_data -client sdk -key BootgenCount -value "0" -context "sdk\\\\bsp/1519049687746"
# webtalk_add_data -client sdk -key DebugCount -value "0" -context "sdk\\\\bsp/1519049687746"
# webtalk_add_data -client sdk -key PerfCount -value "0" -context "sdk\\\\bsp/1519049687746"
# webtalk_add_data -client sdk -key FlashCount -value "0" -context "sdk\\\\bsp/1519049687746"
# webtalk_add_data -client sdk -key CrossTriggCount -value "0" -context "sdk\\\\bsp/1519049687746"
# webtalk_add_data -client sdk -key QemuDebugCount -value "0" -context "sdk\\\\bsp/1519049687746"
# webtalk_transmit -clientid 3615865844 -regid "211306090_0_0_340" -xml D:\\Rohith\\PASSthrough_VITA\\in_2017.4\\16Feb2018\\VITA_passthrough\\project_2\\project_2.sdk\\webtalk\\usage_statistics_ext_sdk.xml -html D:\\Rohith\\PASSthrough_VITA\\in_2017.4\\16Feb2018\\VITA_passthrough\\project_2\\project_2.sdk\\webtalk\\usage_statistics_ext_sdk.html -wdm D:\\Rohith\\PASSthrough_VITA\\in_2017.4\\16Feb2018\\VITA_passthrough\\project_2\\project_2.sdk\\webtalk\\sdk_webtalk.wdm -intro "<H3>SDK Usage Report</H3><BR>"
# webtalk_terminate
INFO: [Common 17-206] Exiting Webtalk at Mon Feb 19 15:14:54 2018...
